{"contracts/HappyDao.sol":{"l":{"34":60,"35":60,"36":60,"37":60,"41":18,"42":18,"43":18,"44":17,"45":17,"49":14,"50":13,"51":13,"52":13,"53":13,"54":13,"55":13,"56":13,"57":13,"61":5,"62":4,"66":8,"67":7,"68":6,"69":6,"70":6,"71":4,"73":1,"78":4,"79":4,"81":3,"83":2,"85":1,"89":8,"93":14,"97":4,"101":3},"path":"/Users/mmurthy/dev/dapps/dao/contracts/HappyDao.sol","s":{"1":60,"2":60,"3":60,"4":60,"5":18,"6":18,"7":18,"8":17,"9":17,"10":14,"11":13,"12":13,"13":13,"14":13,"15":13,"16":13,"17":13,"18":13,"19":5,"20":4,"21":8,"22":7,"23":6,"24":6,"25":6,"26":4,"27":2,"28":1,"29":4,"30":4,"31":3,"32":2,"33":1,"34":8,"35":14,"36":4,"37":3},"b":{"1":[17,1],"2":[13,1],"3":[7,1],"4":[6,1],"5":[4,2],"6":[1,1],"7":[3,1],"8":[2,1],"9":[1,1]},"f":{"1":60,"2":18,"3":14,"4":5,"5":8,"6":4,"7":8,"8":14,"9":4,"10":3},"fnMap":{"1":{"name":"initialize","line":33,"loc":{"start":{"line":33,"column":2},"end":{"line":38,"column":2}}},"2":{"name":"join","line":40,"loc":{"start":{"line":40,"column":2},"end":{"line":46,"column":2}}},"3":{"name":"submitProposal","line":48,"loc":{"start":{"line":48,"column":2},"end":{"line":58,"column":2}}},"4":{"name":"getProposal","line":60,"loc":{"start":{"line":60,"column":2},"end":{"line":63,"column":2}}},"5":{"name":"voteForProposal","line":65,"loc":{"start":{"line":65,"column":2},"end":{"line":75,"column":2}}},"6":{"name":"releaseFund","line":77,"loc":{"start":{"line":77,"column":2},"end":{"line":86,"column":2}}},"7":{"name":"isDaoMember","line":88,"loc":{"start":{"line":88,"column":2},"end":{"line":90,"column":2}}},"8":{"name":"canSubmitProposal","line":92,"loc":{"start":{"line":92,"column":2},"end":{"line":94,"column":2}}},"9":{"name":"proposalHasRequiredYesVotes","line":96,"loc":{"start":{"line":96,"column":2},"end":{"line":98,"column":2}}},"10":{"name":"proposalHasPassedMinDuration","line":100,"loc":{"start":{"line":100,"column":2},"end":{"line":102,"column":2}}}},"statementMap":{"1":{"start":{"line":34,"column":4},"end":{"line":34,"column":32}},"2":{"start":{"line":35,"column":4},"end":{"line":35,"column":22}},"3":{"start":{"line":36,"column":4},"end":{"line":36,"column":37}},"4":{"start":{"line":37,"column":4},"end":{"line":37,"column":19}},"5":{"start":{"line":41,"column":4},"end":{"line":41,"column":63}},"6":{"start":{"line":42,"column":4},"end":{"line":42,"column":46}},"7":{"start":{"line":43,"column":4},"end":{"line":43,"column":123}},"8":{"start":{"line":44,"column":4},"end":{"line":44,"column":48}},"9":{"start":{"line":45,"column":4},"end":{"line":45,"column":43}},"10":{"start":{"line":49,"column":4},"end":{"line":49,"column":93}},"11":{"start":{"line":50,"column":4},"end":{"line":50,"column":51}},"12":{"start":{"line":51,"column":4},"end":{"line":51,"column":33}},"13":{"start":{"line":52,"column":4},"end":{"line":52,"column":34}},"14":{"start":{"line":53,"column":4},"end":{"line":53,"column":28}},"15":{"start":{"line":54,"column":4},"end":{"line":54,"column":24}},"16":{"start":{"line":55,"column":4},"end":{"line":55,"column":23}},"17":{"start":{"line":56,"column":4},"end":{"line":56,"column":44}},"18":{"start":{"line":57,"column":4},"end":{"line":57,"column":101}},"19":{"start":{"line":61,"column":4},"end":{"line":61,"column":51}},"20":{"start":{"line":62,"column":4},"end":{"line":62,"column":104}},"21":{"start":{"line":66,"column":4},"end":{"line":66,"column":89}},"22":{"start":{"line":67,"column":4},"end":{"line":67,"column":36}},"23":{"start":{"line":68,"column":4},"end":{"line":68,"column":56}},"24":{"start":{"line":69,"column":4},"end":{"line":69,"column":42}},"25":{"start":{"line":70,"column":4},"end":{"line":70,"column":2567}},"26":{"start":{"line":71,"column":6},"end":{"line":71,"column":58}},"27":{"start":{"line":72,"column":11},"end":{"line":72,"column":2669}},"28":{"start":{"line":73,"column":6},"end":{"line":73,"column":57}},"29":{"start":{"line":78,"column":4},"end":{"line":78,"column":56}},"30":{"start":{"line":79,"column":4},"end":{"line":79,"column":2929}},"31":{"start":{"line":81,"column":4},"end":{"line":81,"column":3064}},"32":{"start":{"line":83,"column":4},"end":{"line":83,"column":3189}},"33":{"start":{"line":85,"column":4},"end":{"line":85,"column":47}},"34":{"start":{"line":89,"column":4},"end":{"line":89,"column":60}},"35":{"start":{"line":93,"column":4},"end":{"line":93,"column":64}},"36":{"start":{"line":97,"column":4},"end":{"line":97,"column":84}},"37":{"start":{"line":101,"column":4},"end":{"line":101,"column":55}}},"branchMap":{"1":{"line":43,"type":"if","locations":[{"start":{"line":43,"column":4},"end":{"line":43,"column":4}},{"start":{"line":43,"column":4},"end":{"line":43,"column":4}}]},"2":{"line":49,"type":"if","locations":[{"start":{"line":49,"column":4},"end":{"line":49,"column":4}},{"start":{"line":49,"column":4},"end":{"line":49,"column":4}}]},"3":{"line":66,"type":"if","locations":[{"start":{"line":66,"column":4},"end":{"line":66,"column":4}},{"start":{"line":66,"column":4},"end":{"line":66,"column":4}}]},"4":{"line":67,"type":"if","locations":[{"start":{"line":67,"column":4},"end":{"line":67,"column":4}},{"start":{"line":67,"column":4},"end":{"line":67,"column":4}}]},"5":{"line":70,"type":"if","locations":[{"start":{"line":70,"column":4},"end":{"line":70,"column":4}},{"start":{"line":70,"column":4},"end":{"line":70,"column":4}}]},"6":{"line":72,"type":"if","locations":[{"start":{"line":72,"column":11},"end":{"line":72,"column":11}},{"start":{"line":72,"column":11},"end":{"line":72,"column":11}}]},"7":{"line":79,"type":"if","locations":[{"start":{"line":79,"column":4},"end":{"line":79,"column":4}},{"start":{"line":79,"column":4},"end":{"line":79,"column":4}}]},"8":{"line":81,"type":"if","locations":[{"start":{"line":81,"column":4},"end":{"line":81,"column":4}},{"start":{"line":81,"column":4},"end":{"line":81,"column":4}}]},"9":{"line":83,"type":"if","locations":[{"start":{"line":83,"column":4},"end":{"line":83,"column":4}},{"start":{"line":83,"column":4},"end":{"line":83,"column":4}}]}}},"contracts/HappyToken.sol":{"l":{},"path":"/Users/mmurthy/dev/dapps/dao/contracts/HappyToken.sol","s":{},"b":{},"f":{"1":60},"fnMap":{"1":{"name":"constructor","line":8,"loc":{"start":{"line":8,"column":2},"end":{"line":8,"column":62}}}},"statementMap":{},"branchMap":{}},"contracts/Token.sol":{"l":{"16":15,"17":15,"18":15,"19":15,"20":15,"24":5,"25":4,"26":4,"30":9,"34":0},"path":"/Users/mmurthy/dev/dapps/dao/contracts/Token.sol","s":{"1":15,"2":15,"3":15,"4":15,"5":15,"6":5,"7":4,"8":4,"9":9,"10":0},"b":{"1":[4,1]},"f":{"1":15,"2":5,"3":9,"4":0},"fnMap":{"1":{"name":"initialize","line":15,"loc":{"start":{"line":15,"column":2},"end":{"line":21,"column":2}}},"2":{"name":"transfer","line":23,"loc":{"start":{"line":23,"column":2},"end":{"line":27,"column":2}}},"3":{"name":"balanceOf","line":29,"loc":{"start":{"line":29,"column":2},"end":{"line":31,"column":2}}},"4":{"name":"updateSupplyBalance","line":33,"loc":{"start":{"line":33,"column":2},"end":{"line":35,"column":2}}}},"statementMap":{"1":{"start":{"line":16,"column":4},"end":{"line":16,"column":15}},"2":{"start":{"line":17,"column":4},"end":{"line":17,"column":19}},"3":{"start":{"line":18,"column":4},"end":{"line":18,"column":29}},"4":{"start":{"line":19,"column":4},"end":{"line":19,"column":37}},"5":{"start":{"line":20,"column":4},"end":{"line":20,"column":19}},"6":{"start":{"line":24,"column":4},"end":{"line":24,"column":63}},"7":{"start":{"line":25,"column":4},"end":{"line":25,"column":33}},"8":{"start":{"line":26,"column":4},"end":{"line":26,"column":25}},"9":{"start":{"line":30,"column":4},"end":{"line":30,"column":28}},"10":{"start":{"line":34,"column":4},"end":{"line":34,"column":35}}},"branchMap":{"1":{"line":24,"type":"if","locations":[{"start":{"line":24,"column":4},"end":{"line":24,"column":4}},{"start":{"line":24,"column":4},"end":{"line":24,"column":4}}]}}}}