TN:
SF:/Users/mmurthy/dev/dapps/dao/contracts/HappyDao.sol
FN:33,initialize
FN:40,join
FN:48,submitProposal
FN:60,getProposal
FN:65,voteForProposal
FN:77,releaseFund
FN:88,isDaoMember
FN:92,canSubmitProposal
FN:96,proposalHasRequiredYesVotes
FN:100,proposalHasPassedMinDuration
FNF:10
FNH:10
FNDA:60,initialize
FNDA:18,join
FNDA:14,submitProposal
FNDA:5,getProposal
FNDA:8,voteForProposal
FNDA:4,releaseFund
FNDA:8,isDaoMember
FNDA:14,canSubmitProposal
FNDA:4,proposalHasRequiredYesVotes
FNDA:3,proposalHasPassedMinDuration
DA:34,60
DA:35,60
DA:36,60
DA:37,60
DA:41,18
DA:42,18
DA:43,18
DA:44,17
DA:45,17
DA:49,14
DA:50,13
DA:51,13
DA:52,13
DA:53,13
DA:54,13
DA:55,13
DA:56,13
DA:57,13
DA:61,5
DA:62,4
DA:66,8
DA:67,7
DA:68,6
DA:69,6
DA:70,6
DA:71,4
DA:73,1
DA:78,4
DA:79,4
DA:81,3
DA:83,2
DA:85,1
DA:89,8
DA:93,14
DA:97,4
DA:101,3
LF:36
LH:36
BRDA:43,1,0,17
BRDA:43,1,1,1
BRDA:49,2,0,13
BRDA:49,2,1,1
BRDA:66,3,0,7
BRDA:66,3,1,1
BRDA:67,4,0,6
BRDA:67,4,1,1
BRDA:70,5,0,4
BRDA:70,5,1,2
BRDA:72,6,0,1
BRDA:72,6,1,1
BRDA:79,7,0,3
BRDA:79,7,1,1
BRDA:81,8,0,2
BRDA:81,8,1,1
BRDA:83,9,0,1
BRDA:83,9,1,1
BRF:18
BRH:18
end_of_record
TN:
SF:/Users/mmurthy/dev/dapps/dao/contracts/HappyToken.sol
FN:8,constructor
FNF:1
FNH:1
FNDA:60,constructor
LF:0
LH:0
BRF:0
BRH:0
end_of_record
TN:
SF:/Users/mmurthy/dev/dapps/dao/contracts/Token.sol
FN:15,initialize
FN:23,transfer
FN:29,balanceOf
FN:33,updateSupplyBalance
FNF:4
FNH:3
FNDA:15,initialize
FNDA:5,transfer
FNDA:9,balanceOf
FNDA:0,updateSupplyBalance
DA:16,15
DA:17,15
DA:18,15
DA:19,15
DA:20,15
DA:24,5
DA:25,4
DA:26,4
DA:30,9
DA:34,0
LF:10
LH:9
BRDA:24,1,0,4
BRDA:24,1,1,1
BRF:2
BRH:2
end_of_record
